<?xml version="1.0" encoding="UTF-8"?>
<!-- Generated by org.testng.reporters.JUnitReportReporter -->
<testsuite skipped="0" hostname="192.168.1.2" name="Runners.SafariRunner" tests="1" failures="0" timestamp="2020-08-02T16:33:29 IST" time="65.151" errors="0">
  <testcase name="runScenario" time="65.151" classname="Runners.SafariRunner"/>
  <system-out/>
</testsuite> <!-- Runners.SafariRunner -->
